<?xml version="1.0" encoding="UTF-8"?>
<!-- Generated by org.testng.reporters.JUnitXMLReporter -->
<testsuite hostname="DESKTOP-A4C78R8" ignored="0" name="Default test" tests="4" failures="0" timestamp="2023-05-06T16:49:03 IST" time="5.841" errors="0">
  <testcase name="loginTest" time="3.783" classname="com.tests.LoginTestAndRegisterTest"/>
  <testcase name="registerTest" time="1.16" classname="com.tests.LoginTestAndRegisterTest"/>
  <testcase name="alreadyMemberTest" time="0.242" classname="com.tests.LoginTestAndRegisterTest"/>
  <testcase name="loginTestAgain" time="0.567" classname="com.tests.LoginTestAndRegisterTest"/>
</testsuite> <!-- Default test -->
