<?xml version="1.0" encoding="UTF-8"?>
<testng-results skipped="0" failed="0" ignored="0" total="4" passed="4">
  <reporter-output>
  </reporter-output>
  <suite name="Default suite" duration-ms="5841" started-at="2023-05-06T16:48:57 IST" finished-at="2023-05-06T16:49:03 IST">
    <groups>
    </groups>
    <test name="Default test" duration-ms="5841" started-at="2023-05-06T16:48:57 IST" finished-at="2023-05-06T16:49:03 IST">
      <class name="com.tests.LoginTestAndRegisterTest">
        <test-method status="PASS" signature="setup()[pri:0, instance:com.tests.LoginTestAndRegisterTest@3d921e20]" name="setup" is-config="true" duration-ms="5806" started-at="2023-05-06T16:48:51 IST" finished-at="2023-05-06T16:48:57 IST">
          <reporter-output>
          </reporter-output>
        </test-method> <!-- setup -->
        <test-method status="PASS" signature="loginTest()[pri:1, instance:com.tests.LoginTestAndRegisterTest@3d921e20]" name="loginTest" duration-ms="3783" started-at="2023-05-06T16:48:57 IST" finished-at="2023-05-06T16:49:01 IST">
          <reporter-output>
          </reporter-output>
        </test-method> <!-- loginTest -->
        <test-method status="PASS" signature="registerTest()[pri:2, instance:com.tests.LoginTestAndRegisterTest@3d921e20]" name="registerTest" duration-ms="1160" started-at="2023-05-06T16:49:01 IST" finished-at="2023-05-06T16:49:02 IST">
          <reporter-output>
          </reporter-output>
        </test-method> <!-- registerTest -->
        <test-method status="PASS" signature="alreadyMemberTest()[pri:3, instance:com.tests.LoginTestAndRegisterTest@3d921e20]" name="alreadyMemberTest" duration-ms="242" started-at="2023-05-06T16:49:02 IST" finished-at="2023-05-06T16:49:02 IST">
          <reporter-output>
          </reporter-output>
        </test-method> <!-- alreadyMemberTest -->
        <test-method status="PASS" signature="loginTestAgain()[pri:4, instance:com.tests.LoginTestAndRegisterTest@3d921e20]" name="loginTestAgain" duration-ms="567" started-at="2023-05-06T16:49:02 IST" finished-at="2023-05-06T16:49:03 IST">
          <reporter-output>
          </reporter-output>
        </test-method> <!-- loginTestAgain -->
      </class> <!-- com.tests.LoginTestAndRegisterTest -->
    </test> <!-- Default test -->
  </suite> <!-- Default suite -->
</testng-results>
